#
# A fatal error has been detected by the Java Runtime Environment:
#
#  EXCEPTION_ACCESS_VIOLATION (0xc0000005) at pc=0x000001c452ddd14d, pid=8464, tid=14956
#
# JRE version: OpenJDK Runtime Environment Temurin-17.0.5+8 (17.0.5+8) (build 17.0.5+8)
# Java VM: OpenJDK 64-Bit Server VM Temurin-17.0.5+8 (17.0.5+8, mixed mode, tiered, compressed oops, compressed class ptrs, parallel gc, windows-amd64)
# Problematic frame:
# j  com.sun.org.apache.xml.internal.serializer.ToXMLStream.<init>(Ljavax/xml/transform/ErrorListener;)V+0 java.xml@17.0.5
#
# No core dump will be written. Minidumps are not enabled by default on client versions of Windows
#
# If you would like to submit a bug report, please visit:
#   https://github.com/adoptium/adoptium-support/issues
#

---------------  S U M M A R Y ------------

Command Line: --add-modules=ALL-SYSTEM --add-opens=java.base/java.util=ALL-UNNAMED --add-opens=java.base/java.lang=ALL-UNNAMED --add-opens=java.base/sun.nio.fs=ALL-UNNAMED -Declipse.application=org.eclipse.jdt.ls.core.id1 -Dosgi.bundles.defaultStartLevel=4 -Declipse.product=org.eclipse.jdt.ls.core.product -Djava.import.generatesMetadataFilesAtProjectRoot=false -Dfile.encoding=utf8 -XX:+UseParallelGC -XX:GCTimeRatio=4 -XX:AdaptiveSizePolicyWeight=90 -Dsun.zip.disableMemoryMapping=true -Xmx1G -Xms100m -Xlog:disable -javaagent:c:\Users\Qiyas khan\.vscode\extensions\redhat.java-1.14.0-win32-x64\lombok\lombok-1.18.24.jar -XX:+HeapDumpOnOutOfMemoryError -XX:HeapDumpPath=c:\Users\Qiyas khan\AppData\Roaming\Code\User\workspaceStorage\3c1014e718198bf99a55f8aecf69cc13\redhat.java c:\Users\Qiyas khan\.vscode\extensions\redhat.java-1.14.0-win32-x64\server\plugins\org.eclipse.equinox.launcher_1.6.400.v20210924-0641.jar -configuration c:\Users\Qiyas khan\AppData\Roaming\Code\User\globalStorage\redhat.java\1.14.0\config_win -data c:\Users\Qiyas khan\AppData\Roaming\Code\User\workspaceStorage\3c1014e718198bf99a55f8aecf69cc13\redhat.java\jdt_ws

Host: Intel(R) Core(TM) i5-9300H CPU @ 2.40GHz, 8 cores, 23G,  Windows 11 , 64 bit Build 22621 (10.0.22621.1105)
Time: Sun Feb  5 22:08:47 2023 Pakistan Standard Time elapsed time: 5840.658552 seconds (0d 1h 37m 20s)

---------------  T H R E A D  ---------------

Current thread (0x000001c46db56680):  JavaThread "Worker-5: Periodic workspace save." [_thread_in_Java, id=14956, stack(0x0000009f62b00000,0x0000009f62c00000)]

Stack: [0x0000009f62b00000,0x0000009f62c00000],  sp=0x0000009f62bfe948,  free space=1018k
Native frames: (J=compiled Java code, j=interpreted, Vv=VM code, C=native code)
C  0x000001c452ddd14d


siginfo: EXCEPTION_ACCESS_VIOLATION (0xc0000005), reading address 0x00007ffb712ef108


Register to memory mapping:

RIP=0x000001c452ddd14d is at code_begin+77 in an Interpreter codelet
fast_iaccess_0  221 fast_iaccess_0  [0x000001c452ddd100, 0x000001c452ddd180]  128 bytes
RAX=0x00000000eb21e248 is an oop: com.sun.org.apache.xalan.internal.xsltc.runtime.output.TransletOutputHandlerFactory 
{0x00000000eb21e248} - klass: 'com/sun/org/apache/xalan/internal/xsltc/runtime/output/TransletOutputHandlerFactory'
 - ---- fields (total size 9 words):
 - private '_outputType' 'I' @12  0
 - private '_indentNumber' 'I' @16  -1 (ffffffff)
 - private '_overrideDefaultParser' 'Z' @20  false
 - private '_encoding' 'Ljava/lang/String;' @24  "UTF-8"{0x00000000c02c6578} (c02c6578)
 - private '_method' 'Ljava/lang/String;' @28  "xml"{0x00000000c020f608} (c020f608)
 - private '_ostream' 'Ljava/io/OutputStream;' @32  a 'java/io/ByteArrayOutputStream'{0x00000000eb21bf30} (eb21bf30)
 - private '_writer' 'Ljava/io/Writer;' @36  NULL (0)
 - private '_node' 'Lorg/w3c/dom/Node;' @40  NULL (0)
 - private '_nextSibling' 'Lorg/w3c/dom/Node;' @44  NULL (0)
 - private '_xmlStAXEventWriter' 'Ljavax/xml/stream/XMLEventWriter;' @48  NULL (0)
 - private '_xmlStAXStreamWriter' 'Ljavax/xml/stream/XMLStreamWriter;' @52  NULL (0)
 - private '_handler' 'Lorg/xml/sax/ContentHandler;' @56  NULL (0)
 - private '_lexHandler' 'Lorg/xml/sax/ext/LexicalHandler;' @60  NULL (0)
 - private '_errListener' 'Ljavax/xml/transform/ErrorListener;' @64  a 'jdk/xml/internal/TransformErrorListener'{0x00000000eb21d798} (eb21d798)
RBX=0x00007ffa860d0ec0 jvm.dll
RCX=0x000001c469adeac8 is pointing into metadata
RDX=0x00000000000006dc is an unknown value
RSP=0x0000009f62bfe948 is pointing into the stack for thread: 0x000001c46db56680
RBP=0x0000009f62bfe990 is pointing into the stack for thread: 0x000001c46db56680
RSI=0x0 is NULL
RDI=0x00000000000001e8 is an unknown value
R8 =0x00000000c020f608 is an oop: java.lang.String 
{0x00000000c020f608} - klass: 'java/lang/String'
 - string: "xml"
R9 =0x00000000c00008d0 is an oop: java.lang.Class 
{0x00000000c00008d0} - klass: 'java/lang/Class'
 - ---- fields (total size 20 words):
 - private volatile transient 'classRedefinedCount' 'I' @12  0
 - private volatile transient 'cachedConstructor' 'Ljava/lang/reflect/Constructor;' @40  NULL (0)
 - private transient 'name' 'Ljava/lang/String;' @44  NULL (0)
 - private transient 'module' 'Ljava/lang/Module;' @48  a 'java/lang/Module'{0x00000000c04968f0} (c04968f0)
 - private final 'classLoader' 'Ljava/lang/ClassLoader;' @52  NULL (0)
 - private transient 'classData' 'Ljava/lang/Object;' @56  NULL (0)
 - private transient 'packageName' 'Ljava/lang/String;' @60  NULL (0)
 - private final 'componentType' 'Ljava/lang/Class;' @64  NULL (0)
 - private volatile transient 'reflectionData' 'Ljava/lang/ref/SoftReference;' @68  NULL (0)
 - private volatile transient 'genericInfo' 'Lsun/reflect/generics/repository/ClassRepository;' @72  NULL (0)
 - private volatile transient 'enumConstants' '[Ljava/lang/Object;' @76  NULL (0)
 - private volatile transient 'enumConstantDirectory' 'Ljava/util/Map;' @80  NULL (0)
 - private volatile transient 'annotationData' 'Ljava/lang/Class$AnnotationData;' @84  NULL (0)
 - private volatile transient 'annotationType' 'Lsun/reflect/annotation/AnnotationType;' @88  NULL (0)
 - transient 'classValueMap' 'Ljava/lang/ClassValue$ClassValueMap;' @92  NULL (0)
 - signature: Ljava/lang/System;
 - fake entry for mirror: 'java/lang/System'
 - fake entry for array: NULL
 - fake entry for oop_size: 20
 - fake entry for static_oop_field_count: 9
 - public static final 'in' 'Ljava/io/InputStream;' @112  a 'java/io/ByteArrayInputStream'{0x00000000c0d0ae90} (c0d0ae90)
 - public static final 'out' 'Ljava/io/PrintStream;' @116  a 'java/io/PrintStream'{0x00000000c0d04d30} (c0d04d30)
 - public static final 'err' 'Ljava/io/PrintStream;' @120  a 'java/io/PrintStream'{0x00000000c0cc1630} (c0cc1630)
 - private static final 'NEVER' 'I' @148  1
 - private static final 'MAYBE' 'I' @152  2
 - private static synchronized 'allowSecurityManager' 'I' @156  2
 - private static volatile 'security' 'Ljava/lang/SecurityManager;' @124  NULL (0)
 - private static volatile 'cons' 'Ljava/io/Console;' @128  NULL (0)
 - private static synchronized volatile 'initialErrStream' 'Ljava/io/PrintStream;' @132  a 'java/io/PrintStream'{0x00000000c06d0b60} (c06d0b60)
 - private static 'props' 'Ljava/util/Properties;' @136  a 'java/util/Properties'{0x00000000c06b1f60} (c06b1f60)
 - private static 'lineSeparator' 'Ljava/lang/String;' @140  "
"{0x00000000c06b1f30} (c06b1f30)
 - static 'bootLayer' 'Ljava/lang/ModuleLayer;' @144  a 'java/lang/ModuleLayer'{0x00000000c049cf08} (c049cf08)
R10=0x00007ffa8631df70 jvm.dll
R11=0x0000000000000001 is an unknown value
R12=0x0 is NULL
R13=0x000001c469bfea59 is pointing into metadata
R14=0x0000009f62bfea18 is pointing into the stack for thread: 0x000001c46db56680
R15=0x000001c46db56680 is a thread


Registers:
RAX=0x00000000eb21e248, RBX=0x00007ffa860d0ec0, RCX=0x000001c469adeac8, RDX=0x00000000000006dc
RSP=0x0000009f62bfe948, RBP=0x0000009f62bfe990, RSI=0x0000000000000000, RDI=0x00000000000001e8
R8 =0x00000000c020f608, R9 =0x00000000c00008d0, R10=0x00007ffa8631df70, R11=0x0000000000000001
R12=0x0000000000000000, R13=0x000001c469bfea59, R14=0x0000009f62bfea18, R15=0x000001c46db56680
RIP=0x000001c452ddd14d, EFLAGS=0x0000000000010206

Top of Stack: (sp=0x0000009f62bfe948)
0x0000009f62bfe948:   0000009f62bfe948 000001c469bfea58
0x0000009f62bfe958:   0000009f62bfea18 000001c469adeac8
0x0000009f62bfe968:   0000000000000000 00000000c0ce57b8
0x0000009f62bfe978:   000001c469bfea80 0000000000000000
0x0000009f62bfe988:   0000009f62bfe9a0 0000009f62bfea00
0x0000009f62bfe998:   000001c452dc94ec 00000000eb21d798
0x0000009f62bfe9a8:   00000000eb21e290 00000000eb21e290
0x0000009f62bfe9b8:   0000009f62bfe9b8 000001c469bfb626
0x0000009f62bfe9c8:   0000009f62bfea18 000001c469bfb838
0x0000009f62bfe9d8:   0000000000000000 00000000c0ce5088
0x0000009f62bfe9e8:   000001c469bfb7e0 0000009f62bfe9a0
0x0000009f62bfe9f8:   0000009f62bfea18 0000009f62bfea68
0x0000009f62bfea08:   000001c452dc9645 0000000000000000
0x0000009f62bfea18:   00000000eb21e248 0000009f62bfea20
0x0000009f62bfea28:   000001c469bf1e1c 0000009f62bfeab0
0x0000009f62bfea38:   000001c469bf4a30 0000000000000000 

Instructions: (pc=0x000001c452ddd14d)
0x000001c452ddd04d:   df 31 86 fa 7f 00 00 41 ff 24 da 00 00 00 00 00
0x000001c452ddd05d:   00 00 00 80 00 00 00 00 00 00 00 80 9f 0a 86 fa
0x000001c452ddd06d:   7f 00 00 dc 00 00 00 00 00 00 00 00 00 00 00 00
0x000001c452ddd07d:   00 00 00 48 83 ec 08 c5 fa 11 04 24 e9 25 00 00
0x000001c452ddd08d:   00 48 83 ec 10 c5 fb 11 04 24 e9 17 00 00 00 48
0x000001c452ddd09d:   83 ec 10 48 89 04 24 48 c7 44 24 08 00 00 00 00
0x000001c452ddd0ad:   e9 01 00 00 00 50 49 8b 06 41 0f b6 5d 01 49 ff
0x000001c452ddd0bd:   c5 49 ba 70 d7 31 86 fa 7f 00 00 41 ff 24 da 0f
0x000001c452ddd0cd:   1f 40 00 00 00 00 00 00 00 00 00 00 00 00 00 00
0x000001c452ddd0dd:   00 00 00 a0 00 00 00 00 00 00 00 98 9f 0a 86 fa
0x000001c452ddd0ed:   7f 00 00 dd 00 00 00 00 00 00 00 00 00 00 00 00
0x000001c452ddd0fd:   00 00 00 48 83 ec 08 c5 fa 11 04 24 e9 25 00 00
0x000001c452ddd10d:   00 48 83 ec 10 c5 fb 11 04 24 e9 17 00 00 00 48
0x000001c452ddd11d:   83 ec 10 48 89 04 24 48 c7 44 24 08 00 00 00 00
0x000001c452ddd12d:   e9 01 00 00 00 50 49 8b 06 41 0f b7 55 02 48 8b
0x000001c452ddd13d:   4d d0 c1 e2 02 48 8b 5c d1 30 49 ff c5 48 3b 00
0x000001c452ddd14d:   8b 04 18 49 ff cd 41 0f b6 5d 04 49 83 c5 04 49
0x000001c452ddd15d:   ba 70 b7 31 86 fa 7f 00 00 41 ff 24 da 66 0f 1f
0x000001c452ddd16d:   44 00 00 00 00 00 00 00 00 00 00 00 00 00 00 00
0x000001c452ddd17d:   00 00 00 a0 00 00 00 00 00 00 00 a8 9f 0a 86 fa
0x000001c452ddd18d:   7f 00 00 de 00 00 00 00 00 00 00 00 00 00 00 00
0x000001c452ddd19d:   00 00 00 48 83 ec 08 c5 fa 11 04 24 e9 25 00 00
0x000001c452ddd1ad:   00 48 83 ec 10 c5 fb 11 04 24 e9 17 00 00 00 48
0x000001c452ddd1bd:   83 ec 10 48 89 04 24 48 c7 44 24 08 00 00 00 00
0x000001c452ddd1cd:   e9 01 00 00 00 50 49 8b 06 41 0f b7 55 02 48 8b
0x000001c452ddd1dd:   4d d0 c1 e2 02 48 8b 5c d1 30 49 ff c5 48 3b 00
0x000001c452ddd1ed:   8b 04 18 49 ff cd 41 0f b6 5d 04 49 83 c5 04 49
0x000001c452ddd1fd:   ba 70 d7 31 86 fa 7f 00 00 41 ff 24 da 66 0f 1f
0x000001c452ddd20d:   44 00 00 00 00 00 00 00 00 00 00 00 00 00 00 00
0x000001c452ddd21d:   00 00 00 a0 00 00 00 00 00 00 00 b8 9f 0a 86 fa
0x000001c452ddd22d:   7f 00 00 df 00 00 00 00 00 00 00 00 00 00 00 00
0x000001c452ddd23d:   00 00 00 48 83 ec 08 c5 fa 11 04 24 e9 25 00 00 


Stack slot to memory mapping:
stack at sp + 0 slots: 0x0000009f62bfe948 is pointing into the stack for thread: 0x000001c46db56680
stack at sp + 1 slots: 0x000001c469bfea58 is pointing into metadata
stack at sp + 2 slots: 0x0000009f62bfea18 is pointing into the stack for thread: 0x000001c46db56680
stack at sp + 3 slots: 0x000001c469adeac8 is pointing into metadata
stack at sp + 4 slots: 0x0 is NULL
stack at sp + 5 slots: 0x00000000c0ce57b8 is an oop: java.lang.Class 
{0x00000000c0ce57b8} - klass: 'java/lang/Class'
 - ---- fields (total size 15 words):
 - private volatile transient 'classRedefinedCount' 'I' @12  0
 - private volatile transient 'cachedConstructor' 'Ljava/lang/reflect/Constructor;' @40  NULL (0)
 - private transient 'name' 'Ljava/lang/String;' @44  "com.sun.org.apache.xml.internal.serializer.ToXMLStream"{0x00000000c09380b8} (c09380b8)
 - private transient 'module' 'Ljava/lang/Module;' @48  a 'java/lang/Module'{0x00000000c056dc58} (c056dc58)
 - private final 'classLoader' 'Ljava/lang/ClassLoader;' @52  NULL (0)
 - private transient 'classData' 'Ljava/lang/Object;' @56  NULL (0)
 - private transient 'packageName' 'Ljava/lang/String;' @60  "com.sun.org.apache.xml.internal.serializer"{0x00000000c053da00} (c053da00)
 - private final 'componentType' 'Ljava/lang/Class;' @64  NULL (0)
 - private volatile transient 'reflectionData' 'Ljava/lang/ref/SoftReference;' @68  NULL (0)
 - private volatile transient 'genericInfo' 'Lsun/reflect/generics/repository/ClassRepository;' @72  NULL (0)
 - private volatile transient 'enumConstants' '[Ljava/lang/Object;' @76  NULL (0)
 - private volatile transient 'enumConstantDirectory' 'Ljava/util/Map;' @80  NULL (0)
 - private volatile transient 'annotationData' 'Ljava/lang/Class$AnnotationData;' @84  NULL (0)
 - private volatile transient 'annotationType' 'Lsun/reflect/annotation/AnnotationType;' @88  NULL (0)
 - transient 'classValueMap' 'Ljava/lang/ClassValue$ClassValueMap;' @92  NULL (0)
 - signature: Lcom/sun/org/apache/xml/internal/serializer/ToXMLStream;
 - fake entry for mirror: 'com/sun/org/apache/xml/internal/serializer/ToXMLStream'
 - fake entry for array: NULL
 - fake entry for oop_size: 15
 - fake entry for static_oop_field_count: 1
 - private static final volatile 'm_xmlcharInfo' 'Lcom/sun/org/apache/xml/internal/serializer/CharInfo;' @80  NULL (0)
stack at sp + 6 slots: {method} {0x000001c469bfea88} '<init>' '(Ljavax/xml/transform/ErrorListener;)V' in 'com/sun/org/apache/xml/internal/serializer/ToXMLStream'
stack at sp + 7 slots: 0x0 is NULL

fast_iaccess_0  221 fast_iaccess_0  [0x000001c452ddd100, 0x000001c452ddd180]  128 bytes
[MachCode]
  0x000001c452ddd100: 4883 ec08 | c5fa 1104 | 24e9 2500 | 0000 4883 | ec10 c5fb | 1104 24e9 | 1700 0000 | 4883 ec10 
  0x000001c452ddd120: 4889 0424 | 48c7 4424 | 0800 0000 | 00e9 0100 | 0000 5049 | 8b06 410f | b755 0248 | 8b4d d0c1 
  0x000001c452ddd140: e202 488b | 5cd1 3049 | ffc5 483b | 008b 0418 | 49ff cd41 | 0fb6 5d04 | 4983 c504 | 49ba 70b7 
  0x000001c452ddd160: 3186 fa7f | 0000 41ff | 24da 660f | 1f44 0000 | 0000 0000 | 0000 0000 | 0000 0000 | 0000 0000 
[/MachCode]

---------------  P R O C E S S  ---------------

Threads class SMR info:
_java_thread_list=0x000001c46db6cca0, length=24, elements={
0x000001c45013ddd0, 0x000001c4501f9b40, 0x000001c4501fb150, 0x000001c465a77010,
0x000001c465a77ad0, 0x000001c465a7a4a0, 0x000001c463fba780, 0x000001c463fbb370,
0x000001c465adadf0, 0x000001c465addab0, 0x000001c4501a0760, 0x000001c465d4d010,
0x000001c467cef5a0, 0x000001c467132580, 0x000001c46809a550, 0x000001c4671bea70,
0x000001c467de9130, 0x000001c46822f160, 0x000001c468230970, 0x000001c46822e7c0,
0x000001c468230e40, 0x000001c46822fb00, 0x000001c46db549a0, 0x000001c46db56680
}

Java Threads: ( => current thread )
  0x000001c45013ddd0 JavaThread "main" [_thread_blocked, id=8588, stack(0x0000009f61c00000,0x0000009f61d00000)]
  0x000001c4501f9b40 JavaThread "Reference Handler" daemon [_thread_blocked, id=7332, stack(0x0000009f61f00000,0x0000009f62000000)]
  0x000001c4501fb150 JavaThread "Finalizer" daemon [_thread_blocked, id=12128, stack(0x0000009f62000000,0x0000009f62100000)]
  0x000001c465a77010 JavaThread "Signal Dispatcher" daemon [_thread_blocked, id=9568, stack(0x0000009f62100000,0x0000009f62200000)]
  0x000001c465a77ad0 JavaThread "Attach Listener" daemon [_thread_blocked, id=6920, stack(0x0000009f62200000,0x0000009f62300000)]
  0x000001c465a7a4a0 JavaThread "Service Thread" daemon [_thread_blocked, id=4032, stack(0x0000009f62300000,0x0000009f62400000)]
  0x000001c463fba780 JavaThread "Monitor Deflation Thread" daemon [_thread_blocked, id=3440, stack(0x0000009f62400000,0x0000009f62500000)]
  0x000001c463fbb370 JavaThread "C2 CompilerThread0" daemon [_thread_blocked, id=1860, stack(0x0000009f62500000,0x0000009f62600000)]
  0x000001c465adadf0 JavaThread "C1 CompilerThread0" daemon [_thread_blocked, id=2332, stack(0x0000009f62600000,0x0000009f62700000)]
  0x000001c465addab0 JavaThread "Sweeper thread" daemon [_thread_blocked, id=14380, stack(0x0000009f62700000,0x0000009f62800000)]
  0x000001c4501a0760 JavaThread "Common-Cleaner" daemon [_thread_blocked, id=12876, stack(0x0000009f62800000,0x0000009f62900000)]
  0x000001c465d4d010 JavaThread "Notification Thread" daemon [_thread_blocked, id=10792, stack(0x0000009f62900000,0x0000009f62a00000)]
  0x000001c467cef5a0 JavaThread "Active Thread: Equinox Container: 559e740c-22e2-4284-a67f-ae0a228a1221" [_thread_blocked, id=12480, stack(0x0000009f63200000,0x0000009f63300000)]
  0x000001c467132580 JavaThread "Framework Event Dispatcher: Equinox Container: 559e740c-22e2-4284-a67f-ae0a228a1221" daemon [_thread_blocked, id=15216, stack(0x0000009f63300000,0x0000009f63400000)]
  0x000001c46809a550 JavaThread "Start Level: Equinox Container: 559e740c-22e2-4284-a67f-ae0a228a1221" daemon [_thread_blocked, id=10328, stack(0x0000009f63400000,0x0000009f63500000)]
  0x000001c4671bea70 JavaThread "SCR Component Actor" daemon [_thread_blocked, id=12756, stack(0x0000009f63500000,0x0000009f63600000)]
  0x000001c467de9130 JavaThread "Worker-JM" [_thread_blocked, id=15484, stack(0x0000009f63800000,0x0000009f63900000)]
  0x000001c46822f160 JavaThread "Java indexing" daemon [_thread_blocked, id=15912, stack(0x0000009f63b00000,0x0000009f63c00000)]
  0x000001c468230970 JavaThread "JNA Cleaner" daemon [_thread_blocked, id=14968, stack(0x0000009f63d00000,0x0000009f63e00000)]
  0x000001c46822e7c0 JavaThread "pool-2-thread-1" [_thread_blocked, id=5188, stack(0x0000009f63f00000,0x0000009f64000000)]
  0x000001c468230e40 JavaThread "pool-1-thread-1" [_thread_in_native, id=5500, stack(0x0000009f64100000,0x0000009f64200000)]
  0x000001c46822fb00 JavaThread "Timer-0" [_thread_blocked, id=4220, stack(0x0000009f64200000,0x0000009f64300000)]
  0x000001c46db549a0 JavaThread "Worker-4" [_thread_blocked, id=176, stack(0x0000009f61b00000,0x0000009f61c00000)]
=>0x000001c46db56680 JavaThread "Worker-5: Periodic workspace save." [_thread_in_Java, id=14956, stack(0x0000009f62b00000,0x0000009f62c00000)]

Other Threads:
  0x000001c465a30c20 VMThread "VM Thread" [stack: 0x0000009f61e00000,0x0000009f61f00000] [id=10148]
  0x000001c466a20360 WatcherThread [stack: 0x0000009f62a00000,0x0000009f62b00000] [id=15336]
  0x000001c450153c00 GCTaskThread "GC Thread#0" [stack: 0x0000009f61d00000,0x0000009f61e00000] [id=7188]
  0x000001c467051490 GCTaskThread "GC Thread#1" [stack: 0x0000009f62c00000,0x0000009f62d00000] [id=4104]
  0x000001c4670bf040 GCTaskThread "GC Thread#2" [stack: 0x0000009f62d00000,0x0000009f62e00000] [id=5520]
  0x000001c4670bf2f0 GCTaskThread "GC Thread#3" [stack: 0x0000009f62e00000,0x0000009f62f00000] [id=9708]
  0x000001c4670bf5a0 GCTaskThread "GC Thread#4" [stack: 0x0000009f62f00000,0x0000009f63000000] [id=1428]
  0x000001c4670e9040 GCTaskThread "GC Thread#5" [stack: 0x0000009f63000000,0x0000009f63100000] [id=13456]
  0x000001c4670e9700 GCTaskThread "GC Thread#6" [stack: 0x0000009f63100000,0x0000009f63200000] [id=13432]
  0x000001c466cdcff0 GCTaskThread "GC Thread#7" [stack: 0x0000009f63600000,0x0000009f63700000] [id=14760]

Threads with active compile tasks:

VM state: not at safepoint (normal execution)

VM Mutex/Monitor currently owned by a thread: None

Heap address: 0x00000000c0000000, size: 1024 MB, Compressed Oops mode: 32-bit

CDS archive(s) not mapped
Compressed class space mapped at: 0x0000000100000000-0x0000000140000000, reserved size: 1073741824
Narrow klass base: 0x0000000000000000, Narrow klass shift: 3, Narrow klass range: 0x140000000

GC Precious Log:
 CPUs: 8 total, 8 available
 Memory: 24417M
 Large Page Support: Disabled
 NUMA Support: Disabled
 Compressed Oops: Enabled (32-bit)
 Alignments: Space 512K, Generation 512K, Heap 2M
 Heap Min Capacity: 100M
 Heap Initial Capacity: 100M
 Heap Max Capacity: 1G
 Pre-touch: Disabled
 Parallel Workers: 8

Heap:
 PSYoungGen      total 14336K, used 7638K [0x00000000eab00000, 0x00000000ebe80000, 0x0000000100000000)
  eden space 13312K, 54% used [0x00000000eab00000,0x00000000eb225a58,0x00000000eb800000)
  from space 1024K, 31% used [0x00000000ebc80000,0x00000000ebcd0000,0x00000000ebd80000)
  to   space 512K, 0% used [0x00000000ebe00000,0x00000000ebe00000,0x00000000ebe80000)
 ParOldGen       total 68608K, used 45817K [0x00000000c0000000, 0x00000000c4300000, 0x00000000eab00000)
  object space 68608K, 66% used [0x00000000c0000000,0x00000000c2cbe488,0x00000000c4300000)
 Metaspace       used 61297K, committed 62336K, reserved 1105920K
  class space    used 7070K, committed 7552K, reserved 1048576K

Card table byte_map: [0x000001c44fb10000,0x000001c44fd20000] _byte_map_base: 0x000001c44f510000

Marking Bits: (ParMarkBitMap*) 0x00007ffa86310dd0
 Begin Bits: [0x000001c461dc0000, 0x000001c462dc0000)
 End Bits:   [0x000001c462dc0000, 0x000001c463dc0000)

Polling page: 0x000001c44f900000

Metaspace:

Usage:
  Non-class:     52.96 MB used.
      Class:      6.90 MB used.
       Both:     59.86 MB used.

Virtual space:
  Non-class space:       56.00 MB reserved,      53.50 MB ( 96%) committed,  7 nodes.
      Class space:        1.00 GB reserved,       7.38 MB ( <1%) committed,  1 nodes.
             Both:        1.05 GB reserved,      60.88 MB (  6%) committed. 

Chunk freelists:
   Non-Class:  2.44 MB
       Class:  687.00 KB
        Both:  3.11 MB

MaxMetaspaceSize: unlimited
CompressedClassSpaceSize: 1.00 GB
Initial GC threshold: 21.00 MB
Current GC threshold: 97.31 MB
CDS: off
MetaspaceReclaimPolicy: balanced
 - commit_granule_bytes: 65536.
 - commit_granule_words: 8192.
 - virtual_space_node_default_size: 1048576.
 - enlarge_chunks_in_place: 1.
 - new_chunks_are_fully_committed: 0.
 - uncommit_free_chunks: 1.
 - use_allocation_guard: 0.
 - handle_deallocations: 1.


Internal statistics:

num_allocs_failed_limit: 9.
num_arena_births: 542.
num_arena_deaths: 14.
num_vsnodes_births: 8.
num_vsnodes_deaths: 0.
num_space_committed: 974.
num_space_uncommitted: 0.
num_chunks_returned_to_freelist: 23.
num_chunks_taken_from_freelist: 2889.
num_chunk_merges: 10.
num_chunk_splits: 1847.
num_chunks_enlarged: 1149.
num_purges: 2.
num_inconsistent_stats: 0.

CodeHeap 'non-profiled nmethods': size=120000Kb used=4766Kb max_used=4870Kb free=115233Kb
 bounds [0x000001c45a890000, 0x000001c45ad60000, 0x000001c461dc0000]
CodeHeap 'profiled nmethods': size=120000Kb used=12080Kb max_used=13432Kb free=107919Kb
 bounds [0x000001c453360000, 0x000001c454080000, 0x000001c45a890000]
CodeHeap 'non-nmethods': size=5760Kb used=1307Kb max_used=1404Kb free=4452Kb
 bounds [0x000001c452dc0000, 0x000001c453030000, 0x000001c453360000]
 total_blobs=7020 nmethods=6380 adapters=554
 compilation: enabled
              stopped_count=0, restarted_count=0
 full_count=0

Compilation events (20 events):
Event: 5540.787 Thread 0x000001c465adadf0 7596  s    3       org.eclipse.core.internal.watson.ElementTree::immutable (36 bytes)
Event: 5540.787 Thread 0x000001c465adadf0 nmethod 7596 0x000001c453e1e690 code [0x000001c453e1e860, 0x000001c453e1ece8]
Event: 5540.787 Thread 0x000001c465adadf0 7597       1       org.eclipse.core.internal.jobs.InternalJob::internalSetRule (6 bytes)
Event: 5540.787 Thread 0x000001c465adadf0 nmethod 7597 0x000001c45ad51790 code [0x000001c45ad51920, 0x000001c45ad519f8]
Event: 5703.085 Thread 0x000001c465adadf0 7599       3       java.util.UUID::randomUUID (64 bytes)
Event: 5703.085 Thread 0x000001c465adadf0 nmethod 7599 0x000001c45407cc10 code [0x000001c45407cdc0, 0x000001c45407d058]
Event: 5703.085 Thread 0x000001c465adadf0 7600       3       java.util.UUID::<init> (109 bytes)
Event: 5703.085 Thread 0x000001c465adadf0 nmethod 7600 0x000001c45407d190 code [0x000001c45407d340, 0x000001c45407d6b8]
Event: 5703.085 Thread 0x000001c465adadf0 7601       3       java.util.HashMap$Node::setValue (12 bytes)
Event: 5703.085 Thread 0x000001c465adadf0 nmethod 7601 0x000001c453e20390 code [0x000001c453e20520, 0x000001c453e20638]
Event: 5703.086 Thread 0x000001c465adadf0 7602       3       java.lang.invoke.VarHandleReferences$FieldInstanceReadWrite::set (35 bytes)
Event: 5703.086 Thread 0x000001c465adadf0 nmethod 7602 0x000001c45407d890 code [0x000001c45407dac0, 0x000001c45407e288]
Event: 5840.652 Thread 0x000001c463fbb370 7603       4       org.eclipse.core.internal.preferences.StringPool::add (59 bytes)
Event: 5840.655 Thread 0x000001c465adadf0 7604   !   3       org.eclipse.core.internal.preferences.EclipsePreferences::internalChildNames (60 bytes)
Event: 5840.655 Thread 0x000001c465adadf0 nmethod 7604 0x000001c45342d190 code [0x000001c45342d3a0, 0x000001c45342db28]
Event: 5840.655 Thread 0x000001c465adadf0 7605       3       org.eclipse.core.internal.preferences.EclipsePreferences::getChildren (65 bytes)
Event: 5840.656 Thread 0x000001c465adadf0 nmethod 7605 0x000001c45350ff90 code [0x000001c4535101c0, 0x000001c453510b68]
Event: 5840.656 Thread 0x000001c465adadf0 7606   !   3       org.eclipse.core.internal.preferences.EclipsePreferences::shareStrings (77 bytes)
Event: 5840.656 Thread 0x000001c465adadf0 nmethod 7606 0x000001c4534dd710 code [0x000001c4534dd940, 0x000001c4534de318]
Event: 5840.656 Thread 0x000001c465adadf0 7607       3       java.util.Properties::enumerate (74 bytes)

GC Heap History (20 events):
Event: 16.930 GC heap before
{Heap before GC invocations=51 (full 2):
 PSYoungGen      total 13824K, used 13536K [0x00000000eab00000, 0x00000000ebe80000, 0x0000000100000000)
  eden space 13312K, 100% used [0x00000000eab00000,0x00000000eb800000,0x00000000eb800000)
  from space 512K, 43% used [0x00000000ebe00000,0x00000000ebe38000,0x00000000ebe80000)
  to   space 512K, 0% used [0x00000000ebd80000,0x00000000ebd80000,0x00000000ebe00000)
 ParOldGen       total 68608K, used 46524K [0x00000000c0000000, 0x00000000c4300000, 0x00000000eab00000)
  object space 68608K, 67% used [0x00000000c0000000,0x00000000c2d6f330,0x00000000c4300000)
 Metaspace       used 56677K, committed 57728K, reserved 1105920K
  class space    used 6604K, committed 7104K, reserved 1048576K
}
Event: 16.930 GC heap after
{Heap after GC invocations=51 (full 2):
 PSYoungGen      total 13824K, used 160K [0x00000000eab00000, 0x00000000ebe80000, 0x0000000100000000)
  eden space 13312K, 0% used [0x00000000eab00000,0x00000000eab00000,0x00000000eb800000)
  from space 512K, 31% used [0x00000000ebd80000,0x00000000ebda8000,0x00000000ebe00000)
  to   space 512K, 0% used [0x00000000ebe00000,0x00000000ebe00000,0x00000000ebe80000)
 ParOldGen       total 68608K, used 46596K [0x00000000c0000000, 0x00000000c4300000, 0x00000000eab00000)
  object space 68608K, 67% used [0x00000000c0000000,0x00000000c2d81330,0x00000000c4300000)
 Metaspace       used 56677K, committed 57728K, reserved 1105920K
  class space    used 6604K, committed 7104K, reserved 1048576K
}
Event: 16.985 GC heap before
{Heap before GC invocations=52 (full 2):
 PSYoungGen      total 13824K, used 13472K [0x00000000eab00000, 0x00000000ebe80000, 0x0000000100000000)
  eden space 13312K, 100% used [0x00000000eab00000,0x00000000eb800000,0x00000000eb800000)
  from space 512K, 31% used [0x00000000ebd80000,0x00000000ebda8000,0x00000000ebe00000)
  to   space 512K, 0% used [0x00000000ebe00000,0x00000000ebe00000,0x00000000ebe80000)
 ParOldGen       total 68608K, used 46596K [0x00000000c0000000, 0x00000000c4300000, 0x00000000eab00000)
  object space 68608K, 67% used [0x00000000c0000000,0x00000000c2d81330,0x00000000c4300000)
 Metaspace       used 56683K, committed 57728K, reserved 1105920K
  class space    used 6605K, committed 7104K, reserved 1048576K
}
Event: 16.986 GC heap after
{Heap after GC invocations=52 (full 2):
 PSYoungGen      total 13824K, used 160K [0x00000000eab00000, 0x00000000ebe80000, 0x0000000100000000)
  eden space 13312K, 0% used [0x00000000eab00000,0x00000000eab00000,0x00000000eb800000)
  from space 512K, 31% used [0x00000000ebe00000,0x00000000ebe28000,0x00000000ebe80000)
  to   space 512K, 0% used [0x00000000ebd80000,0x00000000ebd80000,0x00000000ebe00000)
 ParOldGen       total 68608K, used 46596K [0x00000000c0000000, 0x00000000c4300000, 0x00000000eab00000)
  object space 68608K, 67% used [0x00000000c0000000,0x00000000c2d81330,0x00000000c4300000)
 Metaspace       used 56683K, committed 57728K, reserved 1105920K
  class space    used 6605K, committed 7104K, reserved 1048576K
}
Event: 17.035 GC heap before
{Heap before GC invocations=53 (full 2):
 PSYoungGen      total 13824K, used 13472K [0x00000000eab00000, 0x00000000ebe80000, 0x0000000100000000)
  eden space 13312K, 100% used [0x00000000eab00000,0x00000000eb800000,0x00000000eb800000)
  from space 512K, 31% used [0x00000000ebe00000,0x00000000ebe28000,0x00000000ebe80000)
  to   space 512K, 0% used [0x00000000ebd80000,0x00000000ebd80000,0x00000000ebe00000)
 ParOldGen       total 68608K, used 46596K [0x00000000c0000000, 0x00000000c4300000, 0x00000000eab00000)
  object space 68608K, 67% used [0x00000000c0000000,0x00000000c2d81330,0x00000000c4300000)
 Metaspace       used 56683K, committed 57728K, reserved 1105920K
  class space    used 6605K, committed 7104K, reserved 1048576K
}
Event: 17.035 GC heap after
{Heap after GC invocations=53 (full 2):
 PSYoungGen      total 13824K, used 128K [0x00000000eab00000, 0x00000000ebe80000, 0x0000000100000000)
  eden space 13312K, 0% used [0x00000000eab00000,0x00000000eab00000,0x00000000eb800000)
  from space 512K, 25% used [0x00000000ebd80000,0x00000000ebda0000,0x00000000ebe00000)
  to   space 512K, 0% used [0x00000000ebe00000,0x00000000ebe00000,0x00000000ebe80000)
 ParOldGen       total 68608K, used 46652K [0x00000000c0000000, 0x00000000c4300000, 0x00000000eab00000)
  object space 68608K, 67% used [0x00000000c0000000,0x00000000c2d8f330,0x00000000c4300000)
 Metaspace       used 56683K, committed 57728K, reserved 1105920K
  class space    used 6605K, committed 7104K, reserved 1048576K
}
Event: 17.151 GC heap before
{Heap before GC invocations=54 (full 2):
 PSYoungGen      total 13824K, used 13396K [0x00000000eab00000, 0x00000000ebe80000, 0x0000000100000000)
  eden space 13312K, 99% used [0x00000000eab00000,0x00000000eb7f5210,0x00000000eb800000)
  from space 512K, 25% used [0x00000000ebd80000,0x00000000ebda0000,0x00000000ebe00000)
  to   space 512K, 0% used [0x00000000ebe00000,0x00000000ebe00000,0x00000000ebe80000)
 ParOldGen       total 68608K, used 46652K [0x00000000c0000000, 0x00000000c4300000, 0x00000000eab00000)
  object space 68608K, 67% used [0x00000000c0000000,0x00000000c2d8f330,0x00000000c4300000)
 Metaspace       used 57052K, committed 58048K, reserved 1105920K
  class space    used 6655K, committed 7104K, reserved 1048576K
}
Event: 17.153 GC heap after
{Heap after GC invocations=54 (full 2):
 PSYoungGen      total 13824K, used 416K [0x00000000eab00000, 0x00000000ebe80000, 0x0000000100000000)
  eden space 13312K, 0% used [0x00000000eab00000,0x00000000eab00000,0x00000000eb800000)
  from space 512K, 81% used [0x00000000ebe00000,0x00000000ebe68000,0x00000000ebe80000)
  to   space 512K, 0% used [0x00000000ebd80000,0x00000000ebd80000,0x00000000ebe00000)
 ParOldGen       total 68608K, used 46660K [0x00000000c0000000, 0x00000000c4300000, 0x00000000eab00000)
  object space 68608K, 68% used [0x00000000c0000000,0x00000000c2d91330,0x00000000c4300000)
 Metaspace       used 57052K, committed 58048K, reserved 1105920K
  class space    used 6655K, committed 7104K, reserved 1048576K
}
Event: 17.214 GC heap before
{Heap before GC invocations=55 (full 2):
 PSYoungGen      total 13824K, used 13728K [0x00000000eab00000, 0x00000000ebe80000, 0x0000000100000000)
  eden space 13312K, 100% used [0x00000000eab00000,0x00000000eb800000,0x00000000eb800000)
  from space 512K, 81% used [0x00000000ebe00000,0x00000000ebe68000,0x00000000ebe80000)
  to   space 512K, 0% used [0x00000000ebd80000,0x00000000ebd80000,0x00000000ebe00000)
 ParOldGen       total 68608K, used 46660K [0x00000000c0000000, 0x00000000c4300000, 0x00000000eab00000)
  object space 68608K, 68% used [0x00000000c0000000,0x00000000c2d91330,0x00000000c4300000)
 Metaspace       used 57402K, committed 58432K, reserved 1105920K
  class space    used 6687K, committed 7168K, reserved 1048576K
}
Event: 17.215 GC heap after
{Heap after GC invocations=55 (full 2):
 PSYoungGen      total 13824K, used 448K [0x00000000eab00000, 0x00000000ebe80000, 0x0000000100000000)
  eden space 13312K, 0% used [0x00000000eab00000,0x00000000eab00000,0x00000000eb800000)
  from space 512K, 87% used [0x00000000ebd80000,0x00000000ebdf0000,0x00000000ebe00000)
  to   space 512K, 0% used [0x00000000ebe00000,0x00000000ebe00000,0x00000000ebe80000)
 ParOldGen       total 68608K, used 46959K [0x00000000c0000000, 0x00000000c4300000, 0x00000000eab00000)
  object space 68608K, 68% used [0x00000000c0000000,0x00000000c2ddbc68,0x00000000c4300000)
 Metaspace       used 57402K, committed 58432K, reserved 1105920K
  class space    used 6687K, committed 7168K, reserved 1048576K
}
Event: 17.249 GC heap before
{Heap before GC invocations=56 (full 2):
 PSYoungGen      total 13824K, used 13760K [0x00000000eab00000, 0x00000000ebe80000, 0x0000000100000000)
  eden space 13312K, 100% used [0x00000000eab00000,0x00000000eb800000,0x00000000eb800000)
  from space 512K, 87% used [0x00000000ebd80000,0x00000000ebdf0000,0x00000000ebe00000)
  to   space 512K, 0% used [0x00000000ebe00000,0x00000000ebe00000,0x00000000ebe80000)
 ParOldGen       total 68608K, used 46959K [0x00000000c0000000, 0x00000000c4300000, 0x00000000eab00000)
  object space 68608K, 68% used [0x00000000c0000000,0x00000000c2ddbc68,0x00000000c4300000)
 Metaspace       used 57521K, committed 58496K, reserved 1105920K
  class space    used 6698K, committed 7168K, reserved 1048576K
}
Event: 17.250 GC heap after
{Heap after GC invocations=56 (full 2):
 PSYoungGen      total 13824K, used 502K [0x00000000eab00000, 0x00000000ebe80000, 0x0000000100000000)
  eden space 13312K, 0% used [0x00000000eab00000,0x00000000eab00000,0x00000000eb800000)
  from space 512K, 98% used [0x00000000ebe00000,0x00000000ebe7d850,0x00000000ebe80000)
  to   space 1024K, 0% used [0x00000000ebc80000,0x00000000ebc80000,0x00000000ebd80000)
 ParOldGen       total 68608K, used 47240K [0x00000000c0000000, 0x00000000c4300000, 0x00000000eab00000)
  object space 68608K, 68% used [0x00000000c0000000,0x00000000c2e220d8,0x00000000c4300000)
 Metaspace       used 57521K, committed 58496K, reserved 1105920K
  class space    used 6698K, committed 7168K, reserved 1048576K
}
Event: 17.302 GC heap before
{Heap before GC invocations=57 (full 2):
 PSYoungGen      total 13824K, used 10049K [0x00000000eab00000, 0x00000000ebe80000, 0x0000000100000000)
  eden space 13312K, 71% used [0x00000000eab00000,0x00000000eb452ee8,0x00000000eb800000)
  from space 512K, 98% used [0x00000000ebe00000,0x00000000ebe7d850,0x00000000ebe80000)
  to   space 1024K, 0% used [0x00000000ebc80000,0x00000000ebc80000,0x00000000ebd80000)
 ParOldGen       total 68608K, used 47240K [0x00000000c0000000, 0x00000000c4300000, 0x00000000eab00000)
  object space 68608K, 68% used [0x00000000c0000000,0x00000000c2e220d8,0x00000000c4300000)
 Metaspace       used 58804K, committed 59776K, reserved 1105920K
  class space    used 6821K, committed 7296K, reserved 1048576K
}
Event: 17.303 GC heap after
{Heap after GC invocations=57 (full 2):
 PSYoungGen      total 14336K, used 416K [0x00000000eab00000, 0x00000000ebe80000, 0x0000000100000000)
  eden space 13312K, 0% used [0x00000000eab00000,0x00000000eab00000,0x00000000eb800000)
  from space 1024K, 40% used [0x00000000ebc80000,0x00000000ebce8000,0x00000000ebd80000)
  to   space 512K, 0% used [0x00000000ebe00000,0x00000000ebe00000,0x00000000ebe80000)
 ParOldGen       total 68608K, used 47432K [0x00000000c0000000, 0x00000000c4300000, 0x00000000eab00000)
  object space 68608K, 69% used [0x00000000c0000000,0x00000000c2e520d8,0x00000000c4300000)
 Metaspace       used 58804K, committed 59776K, reserved 1105920K
  class space    used 6821K, committed 7296K, reserved 1048576K
}
Event: 17.303 GC heap before
{Heap before GC invocations=58 (full 3):
 PSYoungGen      total 14336K, used 416K [0x00000000eab00000, 0x00000000ebe80000, 0x0000000100000000)
  eden space 13312K, 0% used [0x00000000eab00000,0x00000000eab00000,0x00000000eb800000)
  from space 1024K, 40% used [0x00000000ebc80000,0x00000000ebce8000,0x00000000ebd80000)
  to   space 512K, 0% used [0x00000000ebe00000,0x00000000ebe00000,0x00000000ebe80000)
 ParOldGen       total 68608K, used 47432K [0x00000000c0000000, 0x00000000c4300000, 0x00000000eab00000)
  object space 68608K, 69% used [0x00000000c0000000,0x00000000c2e520d8,0x00000000c4300000)
 Metaspace       used 58804K, committed 59776K, reserved 1105920K
  class space    used 6821K, committed 7296K, reserved 1048576K
}
Event: 17.351 GC heap after
{Heap after GC invocations=58 (full 3):
 PSYoungGen      total 14336K, used 0K [0x00000000eab00000, 0x00000000ebe80000, 0x0000000100000000)
  eden space 13312K, 0% used [0x00000000eab00000,0x00000000eab00000,0x00000000eb800000)
  from space 1024K, 0% used [0x00000000ebc80000,0x00000000ebc80000,0x00000000ebd80000)
  to   space 512K, 0% used [0x00000000ebe00000,0x00000000ebe00000,0x00000000ebe80000)
 ParOldGen       total 68608K, used 45147K [0x00000000c0000000, 0x00000000c4300000, 0x00000000eab00000)
  object space 68608K, 65% used [0x00000000c0000000,0x00000000c2c16f98,0x00000000c4300000)
 Metaspace       used 58804K, committed 59776K, reserved 1105920K
  class space    used 6821K, committed 7296K, reserved 1048576K
}
Event: 17.509 GC heap before
{Heap before GC invocations=59 (full 3):
 PSYoungGen      total 14336K, used 13312K [0x00000000eab00000, 0x00000000ebe80000, 0x0000000100000000)
  eden space 13312K, 100% used [0x00000000eab00000,0x00000000eb800000,0x00000000eb800000)
  from space 1024K, 0% used [0x00000000ebc80000,0x00000000ebc80000,0x00000000ebd80000)
  to   space 512K, 0% used [0x00000000ebe00000,0x00000000ebe00000,0x00000000ebe80000)
 ParOldGen       total 68608K, used 45147K [0x00000000c0000000, 0x00000000c4300000, 0x00000000eab00000)
  object space 68608K, 65% used [0x00000000c0000000,0x00000000c2c16f98,0x00000000c4300000)
 Metaspace       used 60090K, committed 61120K, reserved 1105920K
  class space    used 6950K, committed 7424K, reserved 1048576K
}
Event: 17.510 GC heap after
{Heap after GC invocations=59 (full 3):
 PSYoungGen      total 13824K, used 496K [0x00000000eab00000, 0x00000000ebe80000, 0x0000000100000000)
  eden space 13312K, 0% used [0x00000000eab00000,0x00000000eab00000,0x00000000eb800000)
  from space 512K, 96% used [0x00000000ebe00000,0x00000000ebe7c038,0x00000000ebe80000)
  to   space 1024K, 0% used [0x00000000ebc80000,0x00000000ebc80000,0x00000000ebd80000)
 ParOldGen       total 68608K, used 45362K [0x00000000c0000000, 0x00000000c4300000, 0x00000000eab00000)
  object space 68608K, 66% used [0x00000000c0000000,0x00000000c2c4c980,0x00000000c4300000)
 Metaspace       used 60090K, committed 61120K, reserved 1105920K
  class space    used 6950K, committed 7424K, reserved 1048576K
}
Event: 317.142 GC heap before
{Heap before GC invocations=60 (full 3):
 PSYoungGen      total 13824K, used 13802K [0x00000000eab00000, 0x00000000ebe80000, 0x0000000100000000)
  eden space 13312K, 99% used [0x00000000eab00000,0x00000000eb7fea20,0x00000000eb800000)
  from space 512K, 96% used [0x00000000ebe00000,0x00000000ebe7c038,0x00000000ebe80000)
  to   space 1024K, 0% used [0x00000000ebc80000,0x00000000ebc80000,0x00000000ebd80000)
 ParOldGen       total 68608K, used 45362K [0x00000000c0000000, 0x00000000c4300000, 0x00000000eab00000)
  object space 68608K, 66% used [0x00000000c0000000,0x00000000c2c4c980,0x00000000c4300000)
 Metaspace       used 60685K, committed 61696K, reserved 1105920K
  class space    used 7004K, committed 7488K, reserved 1048576K
}
Event: 317.143 GC heap after
{Heap after GC invocations=60 (full 3):
 PSYoungGen      total 14336K, used 320K [0x00000000eab00000, 0x00000000ebe80000, 0x0000000100000000)
  eden space 13312K, 0% used [0x00000000eab00000,0x00000000eab00000,0x00000000eb800000)
  from space 1024K, 31% used [0x00000000ebc80000,0x00000000ebcd0000,0x00000000ebd80000)
  to   space 512K, 0% used [0x00000000ebe00000,0x00000000ebe00000,0x00000000ebe80000)
 ParOldGen       total 68608K, used 45817K [0x00000000c0000000, 0x00000000c4300000, 0x00000000eab00000)
  object space 68608K, 66% used [0x00000000c0000000,0x00000000c2cbe488,0x00000000c4300000)
 Metaspace       used 60685K, committed 61696K, reserved 1105920K
  class space    used 7004K, committed 7488K, reserved 1048576K
}

Dll operation events (14 events):
Event: 0.011 Loaded shared library c:\Users\Qiyas khan\.vscode\extensions\redhat.java-1.14.0-win32-x64\jre\17.0.5-win32-x86_64\bin\java.dll
Event: 0.310 Loaded shared library c:\Users\Qiyas khan\.vscode\extensions\redhat.java-1.14.0-win32-x64\jre\17.0.5-win32-x86_64\bin\zip.dll
Event: 0.313 Loaded shared library C:\Users\Qiyas khan\.vscode\extensions\redhat.java-1.14.0-win32-x64\jre\17.0.5-win32-x86_64\bin\instrument.dll
Event: 0.328 Loaded shared library C:\Users\Qiyas khan\.vscode\extensions\redhat.java-1.14.0-win32-x64\jre\17.0.5-win32-x86_64\bin\net.dll
Event: 0.330 Loaded shared library C:\Users\Qiyas khan\.vscode\extensions\redhat.java-1.14.0-win32-x64\jre\17.0.5-win32-x86_64\bin\nio.dll
Event: 0.337 Loaded shared library C:\Users\Qiyas khan\.vscode\extensions\redhat.java-1.14.0-win32-x64\jre\17.0.5-win32-x86_64\bin\zip.dll
Event: 0.355 Loaded shared library C:\Users\Qiyas khan\.vscode\extensions\redhat.java-1.14.0-win32-x64\jre\17.0.5-win32-x86_64\bin\jimage.dll
Event: 0.412 Loaded shared library c:\Users\Qiyas khan\.vscode\extensions\redhat.java-1.14.0-win32-x64\jre\17.0.5-win32-x86_64\bin\verify.dll
Event: 1.898 Loaded shared library C:\Users\Qiyas khan\AppData\Roaming\Code\User\globalStorage\redhat.java\1.14.0\config_win\org.eclipse.equinox.launcher\org.eclipse.equinox.launcher.win32.win32.x86_64_1.2.700.v20221108-1024\eclipse_11801.dll
Event: 4.428 Loaded shared library C:\Users\Qiyas khan\AppData\Local\Temp\jna-1338584851\jna10699212726515543057.dll
Event: 7.017 Loaded shared library C:\Users\Qiyas khan\.gradle\native\e1d6ef7f7dcc3fd88c89a11ec53ec762bb8ba0a96d01ffa2cd45eb1d1d8dd5c5\windows-amd64\native-platform.dll
Event: 7.519 Loaded shared library C:\Users\Qiyas khan\.vscode\extensions\redhat.java-1.14.0-win32-x64\jre\17.0.5-win32-x86_64\bin\management.dll
Event: 7.521 Loaded shared library C:\Users\Qiyas khan\.vscode\extensions\redhat.java-1.14.0-win32-x64\jre\17.0.5-win32-x86_64\bin\management_ext.dll
Event: 8.255 Loaded shared library C:\Users\Qiyas khan\.vscode\extensions\redhat.java-1.14.0-win32-x64\jre\17.0.5-win32-x86_64\bin\sunmscapi.dll

Deoptimization events (20 events):
Event: 5540.634 Thread 0x000001c468230e40 Uncommon trap: trap_request=0xffffffc6 fr.pc=0x000001c45a9b2198 relative=0x00000000000001f8
Event: 5540.634 Thread 0x000001c468230e40 Uncommon trap: reason=bimorphic_or_optimized_type_check action=maybe_recompile pc=0x000001c45a9b2198 method=java.util.Collections.eq(Ljava/lang/Object;Ljava/lang/Object;)Z @ 18 c2
Event: 5540.634 Thread 0x000001c468230e40 DEOPT PACKING pc=0x000001c45a9b2198 sp=0x0000009f641fd1a0
Event: 5540.634 Thread 0x000001c468230e40 DEOPT UNPACKING pc=0x000001c452e120a3 sp=0x0000009f641fd0e0 mode 2
Event: 5703.085 Thread 0x000001c46db549a0 Uncommon trap: trap_request=0xffffffde fr.pc=0x000001c45ad4b9a8 relative=0x0000000000000408
Event: 5703.085 Thread 0x000001c46db549a0 Uncommon trap: reason=class_check action=maybe_recompile pc=0x000001c45ad4b9a8 method=org.eclipse.core.internal.dtree.AbstractDataTreeNode.storeStrings(Lorg/eclipse/core/internal/utils/StringPool;)V @ 31 c2
Event: 5703.085 Thread 0x000001c46db549a0 DEOPT PACKING pc=0x000001c45ad4b9a8 sp=0x0000009f61bfebf0
Event: 5703.085 Thread 0x000001c46db549a0 DEOPT UNPACKING pc=0x000001c452e120a3 sp=0x0000009f61bfeb48 mode 2
Event: 5703.085 Thread 0x000001c46db549a0 Uncommon trap: trap_request=0xffffffde fr.pc=0x000001c45ad4ab18 relative=0x00000000000003f8
Event: 5703.085 Thread 0x000001c46db549a0 Uncommon trap: reason=class_check action=maybe_recompile pc=0x000001c45ad4ab18 method=org.eclipse.core.internal.dtree.AbstractDataTreeNode.storeStrings(Lorg/eclipse/core/internal/utils/StringPool;)V @ 31 c2
Event: 5703.085 Thread 0x000001c46db549a0 DEOPT PACKING pc=0x000001c45ad4ab18 sp=0x0000009f61bfeb00
Event: 5703.085 Thread 0x000001c46db549a0 DEOPT UNPACKING pc=0x000001c452e120a3 sp=0x0000009f61bfeac8 mode 2
Event: 5703.085 Thread 0x000001c46db549a0 Uncommon trap: trap_request=0xffffffde fr.pc=0x000001c45ad4ab18 relative=0x00000000000003f8
Event: 5703.085 Thread 0x000001c46db549a0 Uncommon trap: reason=class_check action=maybe_recompile pc=0x000001c45ad4ab18 method=org.eclipse.core.internal.dtree.AbstractDataTreeNode.storeStrings(Lorg/eclipse/core/internal/utils/StringPool;)V @ 31 c2
Event: 5703.085 Thread 0x000001c46db549a0 DEOPT PACKING pc=0x000001c45ad4ab18 sp=0x0000009f61bfea80
Event: 5703.085 Thread 0x000001c46db549a0 DEOPT UNPACKING pc=0x000001c452e120a3 sp=0x0000009f61bfea48 mode 2
Event: 5703.085 Thread 0x000001c46db549a0 Uncommon trap: trap_request=0xffffffde fr.pc=0x000001c45ad4ab18 relative=0x00000000000003f8
Event: 5703.085 Thread 0x000001c46db549a0 Uncommon trap: reason=class_check action=maybe_recompile pc=0x000001c45ad4ab18 method=org.eclipse.core.internal.dtree.AbstractDataTreeNode.storeStrings(Lorg/eclipse/core/internal/utils/StringPool;)V @ 31 c2
Event: 5703.085 Thread 0x000001c46db549a0 DEOPT PACKING pc=0x000001c45ad4ab18 sp=0x0000009f61bfea00
Event: 5703.085 Thread 0x000001c46db549a0 DEOPT UNPACKING pc=0x000001c452e120a3 sp=0x0000009f61bfe9c8 mode 2

Classes unloaded (7 events):
Event: 3.028 Thread 0x000001c465a30c20 Unloading class 0x0000000100216400 'java/lang/invoke/LambdaForm$MH+0x0000000100216400'
Event: 3.028 Thread 0x000001c465a30c20 Unloading class 0x0000000100216000 'java/lang/invoke/LambdaForm$MH+0x0000000100216000'
Event: 3.028 Thread 0x000001c465a30c20 Unloading class 0x0000000100215c00 'java/lang/invoke/LambdaForm$MH+0x0000000100215c00'
Event: 3.028 Thread 0x000001c465a30c20 Unloading class 0x0000000100215400 'java/lang/invoke/LambdaForm$MH+0x0000000100215400'
Event: 3.028 Thread 0x000001c465a30c20 Unloading class 0x0000000100215000 'java/lang/invoke/LambdaForm$BMH+0x0000000100215000'
Event: 3.028 Thread 0x000001c465a30c20 Unloading class 0x0000000100214c00 'java/lang/invoke/LambdaForm$DMH+0x0000000100214c00'
Event: 3.028 Thread 0x000001c465a30c20 Unloading class 0x0000000100212000 'java/lang/invoke/LambdaForm$DMH+0x0000000100212000'

Classes redefined (0 events):
No events

Internal exceptions (20 events):
Event: 17.061 Thread 0x000001c4681e4390 Exception <a 'java/lang/NoSuchMethodError'{0x00000000eaefac80}: 'int java.lang.invoke.DirectMethodHandle$Holder.invokeVirtual(java.lang.Object, java.lang.Object)'> (0x00000000eaefac80) 
thrown [s\src\hotspot\share\interpreter\linkResolver.cpp, line 759]
Event: 17.064 Thread 0x000001c46822ec90 Exception <a 'sun/nio/fs/WindowsException'{0x00000000eaee2a80}> (0x00000000eaee2a80) 
thrown [s\src\hotspot\share\prims\jni.cpp, line 516]
Event: 17.091 Thread 0x000001c468230e40 Exception <a 'sun/nio/fs/WindowsException'{0x00000000eb0e0a68}> (0x00000000eb0e0a68) 
thrown [s\src\hotspot\share\prims\jni.cpp, line 516]
Event: 17.100 Thread 0x000001c468230e40 Exception <a 'sun/nio/fs/WindowsException'{0x00000000eb1713a0}> (0x00000000eb1713a0) 
thrown [s\src\hotspot\share\prims\jni.cpp, line 516]
Event: 17.108 Thread 0x000001c468232180 Exception <a 'java/io/FileNotFoundException'{0x00000000eb1befc0}> (0x00000000eb1befc0) 
thrown [s\src\hotspot\share\prims\jni.cpp, line 516]
Event: 17.108 Thread 0x000001c468232180 Exception <a 'java/io/FileNotFoundException'{0x00000000eb1c0338}> (0x00000000eb1c0338) 
thrown [s\src\hotspot\share\prims\jni.cpp, line 516]
Event: 17.111 Thread 0x000001c468230e40 Exception <a 'java/lang/NoSuchMethodError'{0x00000000eb1f8340}: 'java.lang.Object java.lang.invoke.DirectMethodHandle$Holder.invokeStatic(java.lang.Object, java.lang.Object, int, java.lang.Object)'> (0x00000000eb1f8340) 
thrown [s\src\hotspot\share\interpreter\linkResolver.cpp, line 759]
Event: 17.111 Thread 0x000001c468230e40 Exception <a 'java/lang/NoSuchMethodError'{0x00000000eb205bf0}: 'java.lang.Object java.lang.invoke.DirectMethodHandle$Holder.newInvokeSpecial(java.lang.Object, java.lang.Object, int)'> (0x00000000eb205bf0) 
thrown [s\src\hotspot\share\interpreter\linkResolver.cpp, line 759]
Event: 17.185 Thread 0x000001c46db53b30 Exception <a 'java/lang/NoSuchMethodError'{0x00000000eb459640}: 'java.lang.Object java.lang.invoke.DirectMethodHandle$Holder.newInvokeSpecial(java.lang.Object, java.lang.Object, java.lang.Object, java.lang.Object, java.lang.Object, java.lang.Object)'> (0x00000000eb459640) 
thrown [s\src\hotspot\share\interpreter\linkResolver.cpp, line 759]
Event: 17.187 Thread 0x000001c46db53b30 Exception <a 'java/lang/NoSuchMethodError'{0x00000000eb473118}: 'int java.lang.invoke.DirectMethodHandle$Holder.invokeStatic(java.lang.Object)'> (0x00000000eb473118) 
thrown [s\src\hotspot\share\interpreter\linkResolver.cpp, line 759]
Event: 17.194 Thread 0x000001c46db53b30 Exception <a 'java/io/FileNotFoundException'{0x00000000eb4f5730}> (0x00000000eb4f5730) 
thrown [s\src\hotspot\share\prims\jni.cpp, line 516]
Event: 17.195 Thread 0x000001c46db53b30 Exception <a 'java/io/FileNotFoundException'{0x00000000eb4f7590}> (0x00000000eb4f7590) 
thrown [s\src\hotspot\share\prims\jni.cpp, line 516]
Event: 17.195 Thread 0x000001c46db53b30 Exception <a 'java/io/FileNotFoundException'{0x00000000eb4f8bc8}> (0x00000000eb4f8bc8) 
thrown [s\src\hotspot\share\prims\jni.cpp, line 516]
Event: 17.261 Thread 0x000001c46db53b30 Implicit null exception at 0x000001c45a9bf349 to 0x000001c45a9bf41c
Event: 17.511 Thread 0x000001c468231310 Exception <a 'java/io/FileNotFoundException'{0x00000000eab2b5d0}> (0x00000000eab2b5d0) 
thrown [s\src\hotspot\share\prims\jni.cpp, line 516]
Event: 317.125 Thread 0x000001c4681e4390 Implicit null exception at 0x000001c45acba0d5 to 0x000001c45acba484
Event: 317.136 Thread 0x000001c4681e4390 Exception <a 'java/lang/NoSuchMethodError'{0x00000000eb7d8e40}: 'java.lang.Object java.lang.invoke.DirectMethodHandle$Holder.newInvokeSpecial(java.lang.Object, java.lang.Object, java.lang.Object, java.lang.Object, java.lang.Object, java.lang.Object, java.lang.Object, java.lang.Object)'> (0x00000000eb7d8e40) 
thrown [s\src\hotspot\share\interpreter\linkResolver.cpp, line 759]
Event: 317.137 Thread 0x000001c4681e4390 Exception <a 'java/lang/NoSuchMethodError'{0x00000000eb7df1d8}: 'java.lang.Object java.lang.invoke.DirectMethodHandle$Holder.invokeSpecial(java.lang.Object, java.lang.Object, java.lang.Object, java.lang.Object, java.lang.Object, java.lang.Object, java.lang.Object, java.lang.Object, java.lang.Object)'> (0x00000000eb7df1d8) 
thrown [s\src\hotspot\share\interpreter\linkResolver.cpp, line 759]
Event: 317.137 Thread 0x000001c4681e4390 Exception <a 'java/lang/NoSuchMethodError'{0x00000000eb7e4e68}: 'java.lang.Object java.lang.invoke.Invokers$Holder.linkToTargetMethod(java.lang.Object, java.lang.Object, java.lang.Object, java.lang.Object, java.lang.Object, java.lang.Object, java.lang.Object, java.lang.Object)'> (0x00000000eb7e4e68) 
thrown [s\src\hotspot\share\interpreter\linkResolver.cpp, line 759]
Event: 353.704 Thread 0x000001c468230e40 Exception <a 'java/io/FileNotFoundException'{0x00000000eaebe978}> (0x00000000eaebe978) 
thrown [s\src\hotspot\share\prims\jni.cpp, line 516]

VM Operations (20 events):
Event: 653.858 Executing VM operation: Cleanup
Event: 653.858 Executing VM operation: Cleanup done
Event: 1201.941 Executing VM operation: Cleanup
Event: 1201.941 Executing VM operation: Cleanup done
Event: 1256.158 Executing VM operation: Cleanup
Event: 1256.158 Executing VM operation: Cleanup done
Event: 1262.211 Executing VM operation: Cleanup
Event: 1262.211 Executing VM operation: Cleanup done
Event: 2196.116 Executing VM operation: Cleanup
Event: 2196.116 Executing VM operation: Cleanup done
Event: 5540.623 Executing VM operation: HandshakeAllThreads
Event: 5540.623 Executing VM operation: HandshakeAllThreads done
Event: 5540.623 Executing VM operation: Cleanup
Event: 5540.623 Executing VM operation: Cleanup done
Event: 5541.628 Executing VM operation: Cleanup
Event: 5541.628 Executing VM operation: Cleanup done
Event: 5703.085 Executing VM operation: HandshakeAllThreads
Event: 5703.085 Executing VM operation: HandshakeAllThreads done
Event: 5704.097 Executing VM operation: Cleanup
Event: 5704.097 Executing VM operation: Cleanup done

Events (20 events):
Event: 5703.092 Thread 0x000001c465addab0 flushing nmethod 0x000001c453d8c910
Event: 5703.092 Thread 0x000001c465addab0 flushing nmethod 0x000001c453d8d490
Event: 5703.092 Thread 0x000001c465addab0 flushing nmethod 0x000001c453d8da90
Event: 5703.092 Thread 0x000001c465addab0 flushing nmethod 0x000001c453d8e010
Event: 5703.092 Thread 0x000001c465addab0 flushing nmethod 0x000001c453da1f10
Event: 5703.092 Thread 0x000001c465addab0 flushing nmethod 0x000001c453da6790
Event: 5703.092 Thread 0x000001c465addab0 flushing nmethod 0x000001c453e0e310
Event: 5703.092 Thread 0x000001c465addab0 flushing nmethod 0x000001c453e11790
Event: 5703.092 Thread 0x000001c465addab0 flushing nmethod 0x000001c453e1fd90
Event: 5703.092 Thread 0x000001c465addab0 flushing nmethod 0x000001c453e20f10
Event: 5703.092 Thread 0x000001c465addab0 flushing nmethod 0x000001c453e21290
Event: 5703.092 Thread 0x000001c465addab0 flushing nmethod 0x000001c453e21790
Event: 5703.092 Thread 0x000001c465addab0 flushing nmethod 0x000001c453e22a90
Event: 5703.092 Thread 0x000001c465addab0 flushing nmethod 0x000001c453e2c590
Event: 5703.092 Thread 0x000001c465addab0 flushing nmethod 0x000001c453e2cb90
Event: 5703.092 Thread 0x000001c465addab0 flushing nmethod 0x000001c453e2e690
Event: 5703.092 Thread 0x000001c465addab0 flushing nmethod 0x000001c453e37190
Event: 5703.092 Thread 0x000001c465addab0 flushing nmethod 0x000001c453e3fe90
Event: 5703.092 Thread 0x000001c465addab0 flushing nmethod 0x000001c453e43310
Event: 5703.092 Thread 0x000001c465addab0 flushing nmethod 0x000001c453e47b90


Dynamic libraries:
0x00007ff74e010000 - 0x00007ff74e01e000 	c:\Users\Qiyas khan\.vscode\extensions\redhat.java-1.14.0-win32-x64\jre\17.0.5-win32-x86_64\bin\java.exe
0x00007ffade6d0000 - 0x00007ffade8e4000 	C:\WINDOWS\SYSTEM32\ntdll.dll
0x00007ffaddcd0000 - 0x00007ffaddd93000 	C:\WINDOWS\System32\KERNEL32.DLL
0x00007ffadbf30000 - 0x00007ffadc2cd000 	C:\WINDOWS\System32\KERNELBASE.dll
0x00007ffadbe10000 - 0x00007ffadbf21000 	C:\WINDOWS\System32\ucrtbase.dll
0x00007ffac39a0000 - 0x00007ffac39b7000 	c:\Users\Qiyas khan\.vscode\extensions\redhat.java-1.14.0-win32-x64\jre\17.0.5-win32-x86_64\bin\jli.dll
0x00007ffadde50000 - 0x00007ffaddffd000 	C:\WINDOWS\System32\USER32.dll
0x00007ffadbaf0000 - 0x00007ffadbb16000 	C:\WINDOWS\System32\win32u.dll
0x00007ffadc4c0000 - 0x00007ffadc4e9000 	C:\WINDOWS\System32\GDI32.dll
0x00007ffadbcf0000 - 0x00007ffadbe02000 	C:\WINDOWS\System32\gdi32full.dll
0x00007ffabdd00000 - 0x00007ffabdd19000 	c:\Users\Qiyas khan\.vscode\extensions\redhat.java-1.14.0-win32-x64\jre\17.0.5-win32-x86_64\bin\VCRUNTIME140.dll
0x00007ffadbb20000 - 0x00007ffadbbba000 	C:\WINDOWS\System32\msvcp_win.dll
0x00007ffab8f10000 - 0x00007ffab919e000 	C:\WINDOWS\WinSxS\amd64_microsoft.windows.common-controls_6595b64144ccf1df_6.0.22621.608_none_a9444ca7c10bb01d\COMCTL32.dll
0x00007ffaddc20000 - 0x00007ffaddcc7000 	C:\WINDOWS\System32\msvcrt.dll
0x00007ffadc5e0000 - 0x00007ffadc612000 	C:\WINDOWS\System32\IMM32.DLL
0x00007ffad6150000 - 0x00007ffad615c000 	c:\Users\Qiyas khan\.vscode\extensions\redhat.java-1.14.0-win32-x64\jre\17.0.5-win32-x86_64\bin\vcruntime140_1.dll
0x00007ffa94f70000 - 0x00007ffa95001000 	c:\Users\Qiyas khan\.vscode\extensions\redhat.java-1.14.0-win32-x64\jre\17.0.5-win32-x86_64\bin\msvcp140.dll
0x00007ffa85790000 - 0x00007ffa863d4000 	c:\Users\Qiyas khan\.vscode\extensions\redhat.java-1.14.0-win32-x64\jre\17.0.5-win32-x86_64\bin\server\jvm.dll
0x00007ffaddda0000 - 0x00007ffadde4e000 	C:\WINDOWS\System32\ADVAPI32.dll
0x00007ffadc620000 - 0x00007ffadc6c4000 	C:\WINDOWS\System32\sechost.dll
0x00007ffade570000 - 0x00007ffade685000 	C:\WINDOWS\System32\RPCRT4.dll
0x00007ffabfe30000 - 0x00007ffabfe39000 	C:\WINDOWS\SYSTEM32\WSOCK32.dll
0x00007ffadcb80000 - 0x00007ffadcbf1000 	C:\WINDOWS\System32\WS2_32.dll
0x00007ffad4d60000 - 0x00007ffad4d94000 	C:\WINDOWS\SYSTEM32\WINMM.dll
0x00007ffad3d40000 - 0x00007ffad3d4a000 	C:\WINDOWS\SYSTEM32\VERSION.dll
0x00007ffadac30000 - 0x00007ffadac48000 	C:\WINDOWS\SYSTEM32\kernel.appcore.dll
0x00007ffad6020000 - 0x00007ffad602a000 	c:\Users\Qiyas khan\.vscode\extensions\redhat.java-1.14.0-win32-x64\jre\17.0.5-win32-x86_64\bin\jimage.dll
0x00007ffad94f0000 - 0x00007ffad971e000 	C:\WINDOWS\SYSTEM32\DBGHELP.DLL
0x00007ffadc7f0000 - 0x00007ffadcb7a000 	C:\WINDOWS\System32\combase.dll
0x00007ffadc500000 - 0x00007ffadc5d7000 	C:\WINDOWS\System32\OLEAUT32.dll
0x00007ffac15d0000 - 0x00007ffac1602000 	C:\WINDOWS\SYSTEM32\dbgcore.DLL
0x00007ffadc2d0000 - 0x00007ffadc34b000 	C:\WINDOWS\System32\bcryptPrimitives.dll
0x00007ffad4ec0000 - 0x00007ffad4ece000 	c:\Users\Qiyas khan\.vscode\extensions\redhat.java-1.14.0-win32-x64\jre\17.0.5-win32-x86_64\bin\instrument.dll
0x00007ffab68d0000 - 0x00007ffab68f5000 	c:\Users\Qiyas khan\.vscode\extensions\redhat.java-1.14.0-win32-x64\jre\17.0.5-win32-x86_64\bin\java.dll
0x00007ffabc460000 - 0x00007ffabc478000 	c:\Users\Qiyas khan\.vscode\extensions\redhat.java-1.14.0-win32-x64\jre\17.0.5-win32-x86_64\bin\zip.dll
0x00007ffadd3d0000 - 0x00007ffaddbbf000 	C:\WINDOWS\System32\SHELL32.dll
0x00007ffad9b10000 - 0x00007ffada3d8000 	C:\WINDOWS\SYSTEM32\windows.storage.dll
0x00007ffad99d0000 - 0x00007ffad9b0e000 	C:\WINDOWS\SYSTEM32\wintypes.dll
0x00007ffade000000 - 0x00007ffade0f1000 	C:\WINDOWS\System32\SHCORE.dll
0x00007ffade450000 - 0x00007ffade4ae000 	C:\WINDOWS\System32\shlwapi.dll
0x00007ffadba20000 - 0x00007ffadba41000 	C:\WINDOWS\SYSTEM32\profapi.dll
0x00007ffabc270000 - 0x00007ffabc289000 	C:\Users\Qiyas khan\.vscode\extensions\redhat.java-1.14.0-win32-x64\jre\17.0.5-win32-x86_64\bin\net.dll
0x00007ffad48a0000 - 0x00007ffad49cf000 	C:\WINDOWS\SYSTEM32\WINHTTP.dll
0x00007ffadb0a0000 - 0x00007ffadb109000 	C:\WINDOWS\system32\mswsock.dll
0x00007ffabbe90000 - 0x00007ffabbea5000 	C:\Users\Qiyas khan\.vscode\extensions\redhat.java-1.14.0-win32-x64\jre\17.0.5-win32-x86_64\bin\nio.dll
0x00007ffac72e0000 - 0x00007ffac72f0000 	c:\Users\Qiyas khan\.vscode\extensions\redhat.java-1.14.0-win32-x64\jre\17.0.5-win32-x86_64\bin\verify.dll
0x00007ffaa7060000 - 0x00007ffaa709e000 	C:\Users\Qiyas khan\AppData\Roaming\Code\User\globalStorage\redhat.java\1.14.0\config_win\org.eclipse.equinox.launcher\org.eclipse.equinox.launcher.win32.win32.x86_64_1.2.700.v20221108-1024\eclipse_11801.dll
0x00007ffade2b0000 - 0x00007ffade44c000 	C:\WINDOWS\System32\ole32.dll
0x00007ffadb300000 - 0x00007ffadb31b000 	C:\WINDOWS\SYSTEM32\CRYPTSP.dll
0x00007ffadaba0000 - 0x00007ffadabd5000 	C:\WINDOWS\system32\rsaenh.dll
0x00007ffadb190000 - 0x00007ffadb1b8000 	C:\WINDOWS\SYSTEM32\USERENV.dll
0x00007ffadb490000 - 0x00007ffadb4b8000 	C:\WINDOWS\SYSTEM32\bcrypt.dll
0x00007ffadb2f0000 - 0x00007ffadb2fc000 	C:\WINDOWS\SYSTEM32\CRYPTBASE.dll
0x00007ffada6a0000 - 0x00007ffada6cd000 	C:\WINDOWS\SYSTEM32\IPHLPAPI.DLL
0x00007ffaddbc0000 - 0x00007ffaddbc9000 	C:\WINDOWS\System32\NSI.dll
0x00007ffad4160000 - 0x00007ffad4179000 	C:\WINDOWS\SYSTEM32\dhcpcsvc6.DLL
0x00007ffad4140000 - 0x00007ffad415f000 	C:\WINDOWS\SYSTEM32\dhcpcsvc.DLL
0x00007ffada710000 - 0x00007ffada802000 	C:\WINDOWS\SYSTEM32\DNSAPI.dll
0x00007ffaa4b40000 - 0x00007ffaa4b80000 	C:\Users\Qiyas khan\AppData\Local\Temp\jna-1338584851\jna10699212726515543057.dll
0x00007ffadd3c0000 - 0x00007ffadd3c8000 	C:\WINDOWS\System32\PSAPI.DLL
0x00007ffaa7cf0000 - 0x00007ffaa7d17000 	C:\Users\Qiyas khan\.gradle\native\e1d6ef7f7dcc3fd88c89a11ec53ec762bb8ba0a96d01ffa2cd45eb1d1d8dd5c5\windows-amd64\native-platform.dll
0x00007ffac1540000 - 0x00007ffac1549000 	C:\Users\Qiyas khan\.vscode\extensions\redhat.java-1.14.0-win32-x64\jre\17.0.5-win32-x86_64\bin\management.dll
0x00007ffac1300000 - 0x00007ffac130b000 	C:\Users\Qiyas khan\.vscode\extensions\redhat.java-1.14.0-win32-x64\jre\17.0.5-win32-x86_64\bin\management_ext.dll
0x00007ffabbd70000 - 0x00007ffabbd7e000 	C:\Users\Qiyas khan\.vscode\extensions\redhat.java-1.14.0-win32-x64\jre\17.0.5-win32-x86_64\bin\sunmscapi.dll
0x00007ffadc350000 - 0x00007ffadc4b6000 	C:\WINDOWS\System32\CRYPT32.dll
0x00007ffadb460000 - 0x00007ffadb48d000 	C:\WINDOWS\SYSTEM32\ncrypt.dll
0x00007ffadb420000 - 0x00007ffadb457000 	C:\WINDOWS\SYSTEM32\NTASN1.dll
0x00007ffabbd60000 - 0x00007ffabbd68000 	C:\WINDOWS\system32\wshunix.dll

dbghelp: loaded successfully - version: 4.0.5 - missing functions: none
symbol engine: initialized successfully - sym options: 0x614 - pdb path: .;c:\Users\Qiyas khan\.vscode\extensions\redhat.java-1.14.0-win32-x64\jre\17.0.5-win32-x86_64\bin;C:\WINDOWS\SYSTEM32;C:\WINDOWS\WinSxS\amd64_microsoft.windows.common-controls_6595b64144ccf1df_6.0.22621.608_none_a9444ca7c10bb01d;c:\Users\Qiyas khan\.vscode\extensions\redhat.java-1.14.0-win32-x64\jre\17.0.5-win32-x86_64\bin\server;C:\Users\Qiyas khan\AppData\Roaming\Code\User\globalStorage\redhat.java\1.14.0\config_win\org.eclipse.equinox.launcher\org.eclipse.equinox.launcher.win32.win32.x86_64_1.2.700.v20221108-1024;C:\Users\Qiyas khan\AppData\Local\Temp\jna-1338584851;C:\Users\Qiyas khan\.gradle\native\e1d6ef7f7dcc3fd88c89a11ec53ec762bb8ba0a96d01ffa2cd45eb1d1d8dd5c5\windows-amd64

VM Arguments:
jvm_args: --add-modules=ALL-SYSTEM --add-opens=java.base/java.util=ALL-UNNAMED --add-opens=java.base/java.lang=ALL-UNNAMED --add-opens=java.base/sun.nio.fs=ALL-UNNAMED -Declipse.application=org.eclipse.jdt.ls.core.id1 -Dosgi.bundles.defaultStartLevel=4 -Declipse.product=org.eclipse.jdt.ls.core.product -Djava.import.generatesMetadataFilesAtProjectRoot=false -Dfile.encoding=utf8 -XX:+UseParallelGC -XX:GCTimeRatio=4 -XX:AdaptiveSizePolicyWeight=90 -Dsun.zip.disableMemoryMapping=true -Xmx1G -Xms100m -Xlog:disable -javaagent:c:\Users\Qiyas khan\.vscode\extensions\redhat.java-1.14.0-win32-x64\lombok\lombok-1.18.24.jar -XX:+HeapDumpOnOutOfMemoryError -XX:HeapDumpPath=c:\Users\Qiyas khan\AppData\Roaming\Code\User\workspaceStorage\3c1014e718198bf99a55f8aecf69cc13\redhat.java 
java_command: c:\Users\Qiyas khan\.vscode\extensions\redhat.java-1.14.0-win32-x64\server\plugins\org.eclipse.equinox.launcher_1.6.400.v20210924-0641.jar -configuration c:\Users\Qiyas khan\AppData\Roaming\Code\User\globalStorage\redhat.java\1.14.0\config_win -data c:\Users\Qiyas khan\AppData\Roaming\Code\User\workspaceStorage\3c1014e718198bf99a55f8aecf69cc13\redhat.java\jdt_ws
java_class_path (initial): c:\Users\Qiyas khan\.vscode\extensions\redhat.java-1.14.0-win32-x64\server\plugins\org.eclipse.equinox.launcher_1.6.400.v20210924-0641.jar
Launcher Type: SUN_STANDARD

[Global flags]
    uintx AdaptiveSizePolicyWeight                 = 90                                        {product} {command line}
     intx CICompilerCount                          = 4                                         {product} {ergonomic}
    uintx GCTimeRatio                              = 4                                         {product} {command line}
     bool HeapDumpOnOutOfMemoryError               = true                                   {manageable} {command line}
    ccstr HeapDumpPath                             = c:\Users\Qiyas khan\AppData\Roaming\Code\User\workspaceStorage\3c1014e718198bf99a55f8aecf69cc13\redhat.java         {manageable} {command line}
   size_t InitialHeapSize                          = 104857600                                 {product} {command line}
   size_t MaxHeapSize                              = 1073741824                                {product} {command line}
   size_t MaxNewSize                               = 357564416                                 {product} {ergonomic}
   size_t MinHeapDeltaBytes                        = 524288                                    {product} {ergonomic}
   size_t MinHeapSize                              = 104857600                                 {product} {command line}
   size_t NewSize                                  = 34603008                                  {product} {ergonomic}
    uintx NonNMethodCodeHeapSize                   = 5839372                                {pd product} {ergonomic}
    uintx NonProfiledCodeHeapSize                  = 122909434                              {pd product} {ergonomic}
   size_t OldSize                                  = 70254592                                  {product} {ergonomic}
    uintx ProfiledCodeHeapSize                     = 122909434                              {pd product} {ergonomic}
    uintx ReservedCodeCacheSize                    = 251658240                              {pd product} {ergonomic}
     bool SegmentedCodeCache                       = true                                      {product} {ergonomic}
   size_t SoftMaxHeapSize                          = 1073741824                             {manageable} {ergonomic}
     bool UseCompressedClassPointers               = true                           {product lp64_product} {ergonomic}
     bool UseCompressedOops                        = true                           {product lp64_product} {ergonomic}
     bool UseLargePagesIndividualAllocation        = false                                  {pd product} {ergonomic}
     bool UseParallelGC                            = true                                      {product} {command line}

Logging:
Log output configuration:
 #0: stdout all=off uptime,level,tags
 #1: stderr all=off uptime,level,tags

Environment Variables:
JAVA_HOME=C:\Program Files\Java\jdk-11.0.13
PATH=C:\Users\Qiyas khan\AppData\Local\Programs\Python\Python310\Scripts\;C:\Users\Qiyas khan\AppData\Local\Programs\Python\Python310\;C:\Program Files (x86)\Common Files\Oracle\Java\javapath;C:\Program Files\Java\jdk-11.0.13\bin;C:\Python310\Scripts\;C:\Python310\;C:\WINDOWS\system32;C:\WINDOWS;C:\WINDOWS\System32\Wbem;C:\WINDOWS\System32\WindowsPowerShell\v1.0\;C:\WINDOWS\System32\OpenSSH\;C:\Program Files\Microsoft SQL Server\Client SDK\ODBC\170\Tools\Binn\;C:\Program Files (x86)\Microsoft SQL Server\150\DTS\Binn\;C:\ProgramData\chocolatey\bin;C:\Program Files\dotnet\;C:\Program Files\Microsoft SQL Server\130\Tools\Binn\;C:\Program Files\Git\cmd;C:\Program Files\OpenJDK\openjdk-11.0.14.1_1\bin;C:\Users\Qiyas khan\AppData\Local\Android\Sdk;C:\Users\Qiyas khan\AppData\Local\Android\Sdk\platform-tools;C:\Users\Qiyas khan\AppData\Local\Android\Sdk\emulator;C:\Users\Qiyas khan\AppData\Roaming\npm;C:\Program Files\nodejs\;C:\Program Files (x86)\Microsoft SQL Server\110\Tools\Binn\;C:\Program Files\Microsoft SQL Server\110\Tools\Binn\;C:\Program Files\Microsoft SQL Server\110\DTS\Binn\;C:\Users\Qiyas khan\AppData\Local\Microsoft\WindowsApps;C:\Program Files\Azure Data Studio\bin;C:\Users\Qiyas khan\.dotnet\tools;C:\Users\Qiyas khan\AppData\Local\Android\Sdk;C:\Users\Qiyas khan\AppData\Local\Android\Sdk\platforms;C:\Users\Qiyas khan\AppData\Local\Android\Sdk\tools;C:\Users\Qiyas khan\AppData\Local\Android\Sdk\tools\bin;C:\Users\Qiyas khan\AppData\Local\Android\Sdk\emulator;"C:\Users\Qiyas khan\AppData\Roaming\npm;C:\Program Files\Java\jdk1.8.0_311\bin";C:\Users\Qiyas khan\AppData\Local\Programs\Microsoft VS Code\bin;C:\Users\Qiyas khan\AppData\Roaming\npm;
USERNAME=Rayan khan
OS=Windows_NT
PROCESSOR_IDENTIFIER=Intel64 Family 6 Model 158 Stepping 13, GenuineIntel
TMP=C:\Users\QIYASK~1\AppData\Local\Temp
TEMP=C:\Users\QIYASK~1\AppData\Local\Temp



---------------  S Y S T E M  ---------------

OS:
 Windows 11 , 64 bit Build 22621 (10.0.22621.1105)
OS uptime: 0 days 5:05 hours

CPU: total 8 (initial active 8) (4 cores per cpu, 2 threads per core) family 6 model 158 stepping 13 microcode 0xde, cx8, cmov, fxsr, ht, mmx, 3dnowpref, sse, sse2, sse3, ssse3, sse4.1, sse4.2, popcnt, lzcnt, tsc, tscinvbit, avx, avx2, aes, erms, clmul, bmi1, bmi2, adx, fma, vzeroupper, clflush, clflushopt

Memory: 4k page, system-wide physical 24417M (12850M free)
TotalPageFile size 25953M (AvailPageFile size 5207M)
current process WorkingSet (physical memory assigned to process): 90M, peak: 261M
current process commit charge ("private bytes"): 288M, peak: 326M

vm_info: OpenJDK 64-Bit Server VM (17.0.5+8) for windows-amd64 JRE (17.0.5+8), built on Oct 19 2022 04:48:13 by "temurin" with MS VC++ 16.7 (VS2019)

END.
